2024-02-01 17:02:245 INFO  HomePage :55 - Select  top menu : 
2024-02-01 17:02:256 INFO  OnlineSlotsPage :16 - Get text of OnlineSlot
2024-02-01 18:02:60 INFO  HomePage :33 - get the title of the page: 
2024-02-01 18:02:188 INFO  HomePage :38 - clickOnCookie: [[ChromeDriver: chrome on windows (17885fafadb2133d857ddfcdb8c6a4ff)] -> xpath: //label[normalize-space()='Necessary cookies only']]
2024-02-01 18:02:390 INFO  HomePage :44 - clickOnElement: [[ChromeDriver: chrome on windows (17885fafadb2133d857ddfcdb8c6a4ff)] -> xpath: //a[normalize-space()='Join Now']]
2024-02-01 18:02:718 INFO  HomePage :33 - get the title of the page: 
2024-02-01 18:02:812 INFO  HomePage :38 - clickOnCookie: [[ChromeDriver: chrome on windows (58fd3c04ac116ab4476cba19b6430eeb)] -> xpath: //label[normalize-space()='Necessary cookies only']]
2024-02-01 18:02:967 INFO  HomePage :61 - Select  top menu : 
2024-02-01 18:02:970 INFO  OnlineSlotsPage :16 - Get text of OnlineSlot
2024-02-01 18:02:497 INFO  HomePage :33 - get the title of the page: 
2024-02-01 18:02:622 INFO  HomePage :38 - clickOnCookie: [[ChromeDriver: chrome on windows (459f59e3555747fdd98277e4da345743)] -> xpath: //label[normalize-space()='Necessary cookies only']]
2024-02-01 18:02:880 INFO  HomePage :44 - clickOnElement: [[ChromeDriver: chrome on windows (459f59e3555747fdd98277e4da345743)] -> xpath: //a[normalize-space()='Join Now']]
2024-02-01 18:02:60 INFO  HomePage :33 - get the title of the page: 
2024-02-01 18:02:152 INFO  HomePage :38 - clickOnCookie: [[ChromeDriver: chrome on windows (87c6aa755c7e166b76a84e2acb145f4f)] -> xpath: //label[normalize-space()='Necessary cookies only']]
2024-02-01 18:02:286 INFO  HomePage :61 - Select  top menu : 
2024-02-01 18:02:295 INFO  OnlineSlotsPage :16 - Get text of OnlineSlot
2024-02-01 18:02:960 INFO  HomePage :33 - get the title of the page: 
2024-02-01 18:02:57 INFO  HomePage :38 - clickOnCookie: [[ChromeDriver: chrome on windows (dda0120b0c8367e6a508bd951d06cbfa)] -> xpath: //label[normalize-space()='Necessary cookies only']]
2024-02-01 18:02:279 INFO  HomePage :44 - clickOnElement: [[ChromeDriver: chrome on windows (dda0120b0c8367e6a508bd951d06cbfa)] -> xpath: //a[normalize-space()='Join Now']]
2024-02-01 18:02:958 INFO  HomePage :33 - get the title of the page: 
2024-02-01 18:02:49 INFO  HomePage :38 - clickOnCookie: [[ChromeDriver: chrome on windows (f4fc71d4725a766f580bbca061dd3fb3)] -> xpath: //label[normalize-space()='Necessary cookies only']]
2024-02-01 18:02:143 INFO  HomePage :61 - Select  top menu : 
2024-02-01 18:02:147 INFO  OnlineSlotsPage :16 - Get text of OnlineSlot
2024-02-01 19:02:885 INFO  HomePage :33 - get the title of the page: 
2024-02-01 19:02:996 INFO  HomePage :38 - clickOnCookie: [[ChromeDriver: chrome on windows (9b9b38d6015cfee72e610566c389ab3d)] -> xpath: //label[normalize-space()='Necessary cookies only']]
2024-02-01 19:02:166 INFO  HomePage :44 - clickOnElement: [[ChromeDriver: chrome on windows (9b9b38d6015cfee72e610566c389ab3d)] -> xpath: //a[normalize-space()='Join Now']]
2024-02-01 19:02:766 INFO  HomePage :33 - get the title of the page: 
2024-02-01 19:02:866 INFO  HomePage :38 - clickOnCookie: [[ChromeDriver: chrome on windows (bc832932768d53db3e685bd91a5c2297)] -> xpath: //label[normalize-space()='Necessary cookies only']]
2024-02-01 19:02:914 INFO  HomePage :61 - Select  top menu : 
2024-02-01 19:02:919 INFO  OnlineSlotsPage :16 - Get text of OnlineSlot
